<?xml version="1.0" encoding="UTF-8"?>
<!-- Generated by org.testng.reporters.JUnitReportReporter -->
<testsuite skipped="0" hostname="DESKTOP-G2J1RLB" name="com.TestCases.PetCase" tests="1" failures="0" timestamp="2020-10-08T16:32:57 IST" time="36.686" errors="0">
  <testcase name="f" time="36.686" classname="com.TestCases.PetCase"/>
</testsuite> <!-- com.TestCases.PetCase -->
